<?xml version="1.0" encoding="UTF-8"?>
<testng-results skipped="0" failed="0" ignored="0" total="1" passed="1">
  <reporter-output>
  </reporter-output>
  <suite name="Default suite" duration-ms="12193" started-at="2019-07-15T08:57:00Z" finished-at="2019-07-15T08:57:12Z">
    <groups>
    </groups>
    <test name="Default test" duration-ms="12193" started-at="2019-07-15T08:57:00Z" finished-at="2019-07-15T08:57:12Z">
      <class name="com.Test.Alarm">
        <test-method status="PASS" signature="f()[pri:0, instance:com.Test.Alarm@5dfcfece]" name="f" duration-ms="12169" started-at="2019-07-15T08:57:00Z" finished-at="2019-07-15T08:57:12Z">
          <reporter-output>
          </reporter-output>
        </test-method> <!-- f -->
      </class> <!-- com.Test.Alarm -->
    </test> <!-- Default test -->
  </suite> <!-- Default suite -->
</testng-results>
